<?xml version="1.0" encoding="UTF-8"?>
<testng-results ignored="0" total="1" passed="1" failed="0" skipped="0">
  <reporter-output>
    <line>
      <![CDATA[Vijaylaxmi Halkarni]]>
    </line>
  </reporter-output>
  <suite started-at="2024-09-02T13:24:54 IST" name="Default suite" finished-at="2024-09-02T13:24:54 IST" duration-ms="73">
    <groups>
    </groups>
    <test started-at="2024-09-02T13:24:54 IST" name="Default test" finished-at="2024-09-02T13:24:54 IST" duration-ms="73">
      <class name="com.actitime.testscript.ExecutionClass">
        <test-method signature="firstScript()[pri:0, instance:com.actitime.testscript.ExecutionClass@37afeb11]" started-at="2024-09-02T13:24:54 IST" name="firstScript" finished-at="2024-09-02T13:24:54 IST" duration-ms="13" status="PASS">
          <reporter-output>
            <line>
              <![CDATA[Vijaylaxmi Halkarni]]>
            </line>
          </reporter-output>
        </test-method> <!-- firstScript -->
      </class> <!-- com.actitime.testscript.ExecutionClass -->
    </test> <!-- Default test -->
  </suite> <!-- Default suite -->
</testng-results>
